<?xml version="1.0" encoding="UTF-8"?>
<!-- Generated by org.testng.reporters.JUnitXMLReporter -->
<testsuite hostname="INDIA-SelvaN" ignored="2" name="Default test" tests="2" failures="0" timestamp="04 Jun 2020 13:58:48 GMT" time="23.762" errors="0">
  <testcase name="invokeFireFoxDriver" time="12.793" classname="Driver.WebDriverManagerInvoke"/>
  <testcase name="invokechromeBrowser" time="10.941" classname="Driver.WebDriverManagerInvoke"/>
  <testcase name="invokeIEDriver" time="0.0" classname="Driver.WebDriverManagerInvoke">
    <ignored/>
  </testcase> <!-- invokeIEDriver -->
  <testcase name="invokeEdgeBrowser" time="0.0" classname="Driver.WebDriverManagerInvoke">
    <ignored/>
  </testcase> <!-- invokeEdgeBrowser -->
</testsuite> <!-- Default test -->
