<?xml version="1.0" encoding="UTF-8"?>
<!-- Generated by org.testng.reporters.JUnitXMLReporter -->
<testsuite hostname="INDIA-SelvaN" ignored="3" name="Default test" tests="1" failures="0" timestamp="15 Apr 2020 10:40:29 GMT" time="13.961" errors="0">
  <testcase name="AlertBox" time="2.081" classname="WindowsHandling.SwitchWindows"/>
  <testcase name="newWindow" time="0.0" classname="WindowsHandling.SwitchWindows">
    <ignored/>
  </testcase> <!-- newWindow -->
  <testcase name="newWindowTab" time="0.0" classname="WindowsHandling.SwitchWindows">
    <ignored/>
  </testcase> <!-- newWindowTab -->
  <testcase name="WindowMessage" time="0.0" classname="WindowsHandling.SwitchWindows">
    <ignored/>
  </testcase> <!-- WindowMessage -->
</testsuite> <!-- Default test -->
