<?xml version="1.0" encoding="UTF-8"?>
<!-- Generated by org.testng.reporters.JUnitXMLReporter -->
<testsuite hostname="INDIA-SelvaN" ignored="0" name="Test" tests="3" failures="1" timestamp="02 Jun 2020 14:39:00 GMT" time="0.054" errors="0">
  <testcase name="test1" time="0.007" classname="retryAnalyser.test">
    <skipped/>
  </testcase> <!-- test1 -->
  <testcase name="test1" time="0.001" classname="retryAnalyser.test">
    <skipped/>
  </testcase> <!-- test1 -->
  <testcase name="test1" time="0.001" classname="retryAnalyser.test">
    <failure type="java.lang.AssertionError" message="expected [true] but found [false]">
      <![CDATA[java.lang.AssertionError: expected [true] but found [false]
at retryAnalyser.test.test1(test.java:18)
... Removed 29 stack frames]]>
    </failure>
  </testcase> <!-- test1 -->
</testsuite> <!-- Test -->
